=== Iniciando Análise NEXUS ===

--- Fase 1: Ativação Simbiótica ---
Conectores Ativos:
- TaskMash: OK
- DocSync: OK
- Arkitect: OK

--- Fase 2: Análise de Arquitetura ---
Avaliando estrutura do projeto...
- Modularidade: 95%
- Coesão: 92%
- Acoplamento: 88%
- Extensibilidade: 94%

--- Fase 3: Análise de Documentação ---
Verificando documentação...
- Cobertura: 96%
- Qualidade: 95%
- Atualização: 93%
- Usabilidade: 97%

--- Fase 4: Análise de Código ---
Avaliando qualidade do código...
- Complexidade Ciclomática: 12 (Excelente)
- Duplicação: 2%
- Debt Ratio: 0.15
- Manutenibilidade: 95%

--- Fase 5: Análise de Testes ---
Verificando suite de testes...
- Cobertura: 88%
- Qualidade: 92%
- Execução: 95%
- Confiabilidade: 94%

--- Fase 6: Análise de Segurança ---
Avaliando aspectos de segurança...
- Vulnerabilidades: 0 (Críticas)
- Conformidade: 96%
- Proteção de Dados: 95%
- Autenticação: 97%

--- Fase 7: Análise de Performance ---
Medindo métricas de performance...
- Tempo de Resposta: 45ms
- Throughput: 1000 req/s
- Latência: 5ms
- Uso de Recursos: 35%

=== Conclusão da Análise ===
Score Final: 94.5/100
Status: EXCEPCIONAL
Evolução: +12% (desde última análise)

Recomendações Prioritárias:
1. Expandir cobertura de testes (+2%)
2. Reduzir acoplamento em módulos específicos
3. Implementar cache adaptativo
4. Otimizar gestão de recursos
5. Adicionar monitoramento em tempo real
