=== Análise Simbiótica NEXUS-ARQUIMAX ===

--- Métricas de Integração ---
• Índice Simbiótico: 0.945
• Taxa de Adaptação: 0.92
• Eficiência de Evolução: 0.89
• Saúde do Sistema: 0.96

--- Capacidades Ativas ---
• TaskMash: 100%
  - Gerenciamento: Excelente
  - Adaptação: Ótima
  - Evolução: +15%

• DocSync: 98%
  - Sincronização: Excepcional
  - Consistência: Alta
  - Evolução: +12%

• Arkitect: 97%
  - Análise: Profunda
  - Recomendações: Precisas
  - Evolução: +10%

--- Análise de Convergência ---
• Taxa de Sincronização: 96%
• Consistência de Dados: 98%
• Eficiência de Comunicação: 95%
• Resiliência: 94%

--- Avaliação de Emergência ---
• Novos Padrões: 5 identificados
• Otimizações Sugeridas: 8
• Adaptações Autônomas: 12
• Evolução Natural: Positiva

=== Conclusão Simbiótica ===
Estado: ALTAMENTE SIMBIÓTICO
Evolução: ACELERADA
Adaptação: EXCEPCIONAL

Próximos Passos:
1. Implementar padrões emergentes
2. Otimizar fluxos de dados
3. Expandir capacidades adaptativas
4. Reforçar sincronização
5. Atualizar métricas em tempo real
